<?xml version="1.0" encoding="UTF-8"?>
<!-- Generated by org.testng.reporters.JUnitReportReporter -->
<testsuite hostname="VIRAL" failures="0" tests="1" name="org.GeneralStoreApp.eCommerce_TC_1" time="73.748" errors="0" timestamp="2024-05-19T17:48:39 EDT" skipped="0">
  <testcase classname="org.GeneralStoreApp.eCommerce_TC_1" name="FillFormWithNameField" time="73.748"/>
</testsuite> <!-- org.GeneralStoreApp.eCommerce_TC_1 -->
